Copyright 1986-2018 Xilinx, Inc. All Rights Reserved.
------------------------------------------------------------------------------------------------------------------------------------------
| Tool Version : Vivado v.2018.2.2 (win64) Build 2348494 Mon Oct  1 18:25:44 MDT 2018
| Date         : Mon Aug 24 00:26:58 2020
| Host         : LAPTOP-INQB0GMU running 64-bit major release  (build 9200)
| Command      : report_drc -file Input_Controller_drc_routed.rpt -pb Input_Controller_drc_routed.pb -rpx Input_Controller_drc_routed.rpx
| Design       : Input_Controller
| Device       : xc7a35tcpg236-1
| Speed File   : -1
| Design State : Routed
------------------------------------------------------------------------------------------------------------------------------------------

Report DRC

Table of Contents
-----------------
1. REPORT SUMMARY
2. REPORT DETAILS

1. REPORT SUMMARY
-----------------
            Netlist: netlist
          Floorplan: design_1
      Design limits: <entire design considered>
           Ruledeck: default
             Max violations: <unlimited>
             Violations found: 0
+------+----------+-------------+------------+
| Rule | Severity | Description | Violations |
+------+----------+-------------+------------+
+------+----------+-------------+------------+

2. REPORT DETAILS
-----------------

